<?xml version="1.0" encoding="UTF-8"?>
<robot generator="Robot 7.2.2 (Python 3.12.7 on darwin)" generated="2025-05-01T15:34:58.517929" rpa="false" schemaversion="5">
<suite id="s1" name="Firstwebtest" source="/Users/karthiknandig/Documents/Projects/Firstwebtest.robot">
<test id="s1-t1" name="Login with correct Username and Password" line="5">
<kw name="Open Browser" owner="SeleniumLibrary">
<msg time="2025-05-01T15:34:58.651230" level="INFO">Opening browser 'safari' to base url 'https://the-internet.herokuapp.com/login'.</msg>
<arg>url=https://the-internet.herokuapp.com/login</arg>
<arg>browser=safari</arg>
<doc>Opens a new browser instance to the optional ``url``.</doc>
<status status="PASS" start="2025-05-01T15:34:58.651108" elapsed="2.921018"/>
</kw>
<kw name="Input Text" owner="SeleniumLibrary">
<msg time="2025-05-01T15:35:01.574507" level="INFO">Typing text 'tomsmith' into text field 'username'.</msg>
<arg>username</arg>
<arg>tomsmith</arg>
<doc>Types the given ``text`` into the text field identified by ``locator``.</doc>
<status status="PASS" start="2025-05-01T15:35:01.573308" elapsed="0.050804"/>
</kw>
<kw name="Input Text" owner="SeleniumLibrary">
<msg time="2025-05-01T15:35:01.624694" level="INFO">Typing text 'SuperSecretPassword!' into text field 'password'.</msg>
<arg>password</arg>
<arg>SuperSecretPassword!</arg>
<doc>Types the given ``text`` into the text field identified by ``locator``.</doc>
<status status="PASS" start="2025-05-01T15:35:01.624430" elapsed="0.064947"/>
</kw>
<kw name="Click Button" owner="SeleniumLibrary">
<msg time="2025-05-01T15:35:01.690262" level="INFO">Clicking button 'class:radius'.</msg>
<arg>class:radius</arg>
<doc>Clicks the button identified by ``locator``.</doc>
<status status="PASS" start="2025-05-01T15:35:01.689816" elapsed="0.038388"/>
</kw>
<kw name="Element Should Contain" owner="SeleniumLibrary">
<msg time="2025-05-01T15:35:02.071359" level="INFO" html="true">&lt;/td&gt;&lt;/tr&gt;&lt;tr&gt;&lt;td colspan="3"&gt;&lt;a href="selenium-screenshot-5.png"&gt;&lt;img src="selenium-screenshot-5.png" width="800px"&gt;&lt;/a&gt;</msg>
<msg time="2025-05-01T15:35:02.071652" level="FAIL">Element with locator 'id=flash' not found.</msg>
<arg>id=flash</arg>
<arg>You logged into a secure area!</arg>
<doc>Verifies that element ``locator`` contains text ``expected``.</doc>
<status status="FAIL" start="2025-05-01T15:35:01.728513" elapsed="0.348672">Element with locator 'id=flash' not found.</status>
</kw>
<kw name="Click Link" owner="SeleniumLibrary">
<arg>Logout</arg>
<doc>Clicks a link identified by ``locator``.</doc>
<status status="NOT RUN" start="2025-05-01T15:35:02.077664" elapsed="0.000061"/>
</kw>
<kw name="Close Browser" owner="SeleniumLibrary">
<doc>Closes the current browser.</doc>
<status status="NOT RUN" start="2025-05-01T15:35:02.077922" elapsed="0.000035"/>
</kw>
<status status="FAIL" start="2025-05-01T15:34:58.650625" elapsed="3.427623">Element with locator 'id=flash' not found.</status>
</test>
<test id="s1-t2" name="Add Tasks And Set To Complete" line="14">
<kw name="Open Browser" owner="SeleniumLibrary">
<msg time="2025-05-01T15:35:02.079161" level="INFO">Opening browser 'safari' to base url 'https://todomvc.com/examples/angular/dist/browser/#'.</msg>
<msg time="2025-05-01T15:35:02.281009" level="INFO" html="true">&lt;/td&gt;&lt;/tr&gt;&lt;tr&gt;&lt;td colspan="3"&gt;&lt;a href="selenium-screenshot-6.png"&gt;&lt;img src="selenium-screenshot-6.png" width="800px"&gt;&lt;/a&gt;</msg>
<msg time="2025-05-01T15:35:02.281223" level="FAIL">SessionNotCreatedException: Message: Could not create a session: The Safari instance is already paired with a different session.
</msg>
<arg>url=https://todomvc.com/examples/angular/dist/browser/#</arg>
<arg>browser=safari</arg>
<doc>Opens a new browser instance to the optional ``url``.</doc>
<status status="FAIL" start="2025-05-01T15:35:02.078931" elapsed="0.204934">SessionNotCreatedException: Message: Could not create a session: The Safari instance is already paired with a different session.
</status>
</kw>
<kw name="Input Text" owner="SeleniumLibrary">
<arg>css:.new-todo</arg>
<arg>Complete Robot Framework Training</arg>
<doc>Types the given ``text`` into the text field identified by ``locator``.</doc>
<status status="NOT RUN" start="2025-05-01T15:35:02.284125" elapsed="0.000025"/>
</kw>
<kw name="Press Keys" owner="SeleniumLibrary">
<arg>css:.new-todo</arg>
<arg>RETURN</arg>
<doc>Simulates the user pressing key(s) to an element or on the active browser.</doc>
<status status="NOT RUN" start="2025-05-01T15:35:02.284233" elapsed="0.000015"/>
</kw>
<kw name="Input Text" owner="SeleniumLibrary">
<arg>css:.new-todo</arg>
<arg>Write Automated Tests</arg>
<doc>Types the given ``text`` into the text field identified by ``locator``.</doc>
<status status="NOT RUN" start="2025-05-01T15:35:02.284300" elapsed="0.000011"/>
</kw>
<kw name="Press Keys" owner="SeleniumLibrary">
<arg>css:.new-todo</arg>
<arg>RETURN</arg>
<doc>Simulates the user pressing key(s) to an element or on the active browser.</doc>
<status status="NOT RUN" start="2025-05-01T15:35:02.284363" elapsed="0.000011"/>
</kw>
<kw name="Input Text" owner="SeleniumLibrary">
<arg>css:.new-todo</arg>
<arg>Take a nap</arg>
<doc>Types the given ``text`` into the text field identified by ``locator``.</doc>
<status status="NOT RUN" start="2025-05-01T15:35:02.284418" elapsed="0.000011"/>
</kw>
<kw name="Press Keys" owner="SeleniumLibrary">
<arg>css:.new-todo</arg>
<arg>RETURN</arg>
<doc>Simulates the user pressing key(s) to an element or on the active browser.</doc>
<status status="NOT RUN" start="2025-05-01T15:35:02.284474" elapsed="0.000011"/>
</kw>
<kw name="Element Text Should Be" owner="SeleniumLibrary">
<arg>class:todo-count</arg>
<arg>3 items left</arg>
<doc>Verifies that element ``locator`` contains exact the text ``expected``.</doc>
<status status="NOT RUN" start="2025-05-01T15:35:02.284533" elapsed="0.000010"/>
</kw>
<kw name="Click Element" owner="SeleniumLibrary">
<arg>xpath: //*[contains(text(), "Complete Robot Framework Training")]/../input</arg>
<doc>Click the element identified by ``locator``.</doc>
<status status="NOT RUN" start="2025-05-01T15:35:02.284590" elapsed="0.000010"/>
</kw>
<kw name="Element Text Should Be" owner="SeleniumLibrary">
<arg>class:todo-count</arg>
<arg>2 items left</arg>
<doc>Verifies that element ``locator`` contains exact the text ``expected``.</doc>
<status status="NOT RUN" start="2025-05-01T15:35:02.284656" elapsed="0.000014"/>
</kw>
<kw name="Click Element" owner="SeleniumLibrary">
<arg>xpath: //*[contains(text(), "Write Automated Tests")]/../input</arg>
<doc>Click the element identified by ``locator``.</doc>
<status status="NOT RUN" start="2025-05-01T15:35:02.284714" elapsed="0.000011"/>
</kw>
<kw name="Element Text Should Be" owner="SeleniumLibrary">
<arg>class:todo-count</arg>
<arg>1 item left</arg>
<doc>Verifies that element ``locator`` contains exact the text ``expected``.</doc>
<status status="NOT RUN" start="2025-05-01T15:35:02.284767" elapsed="0.000010"/>
</kw>
<kw name="Click Element" owner="SeleniumLibrary">
<arg>xpath: //*[contains(text(), "Take a nap")]/../input</arg>
<doc>Click the element identified by ``locator``.</doc>
<status status="NOT RUN" start="2025-05-01T15:35:02.284821" elapsed="0.000009"/>
</kw>
<kw name="Element Text Should Be" owner="SeleniumLibrary">
<arg>class:todo-count</arg>
<arg>0 items left</arg>
<doc>Verifies that element ``locator`` contains exact the text ``expected``.</doc>
<status status="NOT RUN" start="2025-05-01T15:35:02.284870" elapsed="0.000010"/>
</kw>
<status status="FAIL" start="2025-05-01T15:35:02.078534" elapsed="0.206463">SessionNotCreatedException: Message: Could not create a session: The Safari instance is already paired with a different session.
</status>
</test>
<status status="FAIL" start="2025-05-01T15:34:58.518651" elapsed="3.766603"/>
</suite>
<statistics>
<total>
<stat pass="0" fail="2" skip="0">All Tests</stat>
</total>
<tag>
</tag>
<suite>
<stat name="Firstwebtest" id="s1" pass="0" fail="2" skip="0">Firstwebtest</stat>
</suite>
</statistics>
<errors>
</errors>
</robot>
