<?xml version="1.0" encoding="UTF-8"?>
<robot generator="Robot 7.2.2 (Python 3.12.7 on darwin)" generated="2025-04-20T11:49:55.942030" rpa="false" schemaversion="5">
<suite id="s1" name="MyFirstTest" source="/Users/karthiknandig/Documents/Projects/MyFirstTest.robot">
<test id="s1-t1" name="Create A Random String" line="5">
<kw name="Log To Console" owner="BuiltIn">
<arg>We are going to generate a random string</arg>
<doc>Logs the given message to the console.</doc>
<status status="PASS" start="2025-04-20T11:49:55.960662" elapsed="0.000081"/>
</kw>
<kw name="Generate Random String" owner="String">
<msg time="2025-04-20T11:49:55.960913" level="INFO">${random} = Zah6F0srqN</msg>
<var>${random}</var>
<arg>10</arg>
<doc>Generates a string with a desired ``length`` from the given ``chars``.</doc>
<status status="PASS" start="2025-04-20T11:49:55.960816" elapsed="0.000110"/>
</kw>
<kw name="Log To Console" owner="BuiltIn">
<arg>Generated string: ${random}</arg>
<doc>Logs the given message to the console.</doc>
<status status="PASS" start="2025-04-20T11:49:55.960980" elapsed="0.000062"/>
</kw>
<kw name="Log To Console" owner="BuiltIn">
<arg>We finished generating a random string</arg>
<doc>Logs the given message to the console.</doc>
<status status="PASS" start="2025-04-20T11:49:55.961105" elapsed="0.000066"/>
</kw>
<status status="PASS" start="2025-04-20T11:49:55.960343" elapsed="0.000890"/>
</test>
<status status="PASS" start="2025-04-20T11:49:55.942805" elapsed="0.018580"/>
</suite>
<statistics>
<total>
<stat pass="1" fail="0" skip="0">All Tests</stat>
</total>
<tag>
</tag>
<suite>
<stat name="MyFirstTest" id="s1" pass="1" fail="0" skip="0">MyFirstTest</stat>
</suite>
</statistics>
<errors>
</errors>
</robot>
